<?xml version="1.0" encoding="UTF-8"?>
<!-- Generated by org.testng.reporters.JUnitReportReporter -->
<testsuite hostname="DESKTOP-J9AL891" failures="0" tests="1" name="test.TestExample" time="1.504" errors="0" timestamp="2022-08-02T11:55:48 CST" skipped="0">
  <testcase classname="test.TestExample" name="testDelete" time="1.504"/>
  <system-out/>
</testsuite> <!-- test.TestExample -->
