<?xml version="1.0" encoding="UTF-8"?>
<!-- Generated by org.testng.reporters.JUnitReportReporter -->
<testsuite hostname="DESKTOP-J9AL891" failures="0" tests="5" name="com.techgeeknext.controller.EmployeeControllerTest" time="1.594" errors="0" timestamp="2022-08-04T14:07:21 CST" skipped="0">
  <testcase classname="com.techgeeknext.controller.EmployeeControllerTest" name="extractGetEmployeesResponse" time="1.143"/>
  <system-out/>
  <testcase classname="com.techgeeknext.controller.EmployeeControllerTest" name="testGetEmployeeWithParam" time="0.064"/>
  <system-out/>
  <testcase classname="com.techgeeknext.controller.EmployeeControllerTest" name="testPostEmployee" time="0.059"/>
  <system-out/>
  <testcase classname="com.techgeeknext.controller.EmployeeControllerTest" name="testEmployeesResponseBody" time="0.313"/>
  <system-out/>
  <testcase classname="com.techgeeknext.controller.EmployeeControllerTest" name="testEmployeesStatus" time="0.015"/>
  <system-out/>
</testsuite> <!-- com.techgeeknext.controller.EmployeeControllerTest -->
